0 info it worked if it ends with ok
1 verbose cli [ '/usr/local/bin/node', '/usr/local/bin/npm', 'run', 'deploy' ]
2 info using npm@3.10.8
3 info using node@v6.8.1
4 verbose run-script [ 'predeploy', 'deploy', 'postdeploy' ]
5 info lifecycle @~predeploy: @
6 verbose lifecycle @~predeploy: unsafe-perm in lifecycle true
7 verbose lifecycle @~predeploy: PATH: /usr/local/lib/node_modules/npm/bin/node-gyp-bin:/Users/mxm/Desktop/Documents/Hackages/website/node_modules/.bin:/opt/wildfly-10/bin:/Users/mxm/.yarn/bin:/Users/mxm/Documents/mongodb/bin:/usr/local/bin:/usr/local/sbin:/usr/bin:/bin:/usr/sbin:/sbin:./node_modules/.bin
8 verbose lifecycle @~predeploy: CWD: /Users/mxm/Desktop/Documents/Hackages/website
9 silly lifecycle @~predeploy: Args: [ '-c', 'bower install && gulp build' ]
10 silly lifecycle @~predeploy: Returned: code: 0  signal: null
11 info lifecycle @~deploy: @
12 verbose lifecycle @~deploy: unsafe-perm in lifecycle true
13 verbose lifecycle @~deploy: PATH: /usr/local/lib/node_modules/npm/bin/node-gyp-bin:/Users/mxm/Desktop/Documents/Hackages/website/node_modules/.bin:/opt/wildfly-10/bin:/Users/mxm/.yarn/bin:/Users/mxm/Documents/mongodb/bin:/usr/local/bin:/usr/local/sbin:/usr/bin:/bin:/usr/sbin:/sbin:./node_modules/.bin
14 verbose lifecycle @~deploy: CWD: /Users/mxm/Desktop/Documents/Hackages/website
15 silly lifecycle @~deploy: Args: [ '-c', 'surge -p dist/ ' ]
16 silly lifecycle @~deploy: Returned: code: 1  signal: null
17 info lifecycle @~deploy: Failed to exec deploy script
18 verbose stack Error: @ deploy: `surge -p dist/ `
18 verbose stack Exit status 1
18 verbose stack     at EventEmitter.<anonymous> (/usr/local/lib/node_modules/npm/lib/utils/lifecycle.js:255:16)
18 verbose stack     at emitTwo (events.js:106:13)
18 verbose stack     at EventEmitter.emit (events.js:191:7)
18 verbose stack     at ChildProcess.<anonymous> (/usr/local/lib/node_modules/npm/lib/utils/spawn.js:40:14)
18 verbose stack     at emitTwo (events.js:106:13)
18 verbose stack     at ChildProcess.emit (events.js:191:7)
18 verbose stack     at maybeClose (internal/child_process.js:877:16)
18 verbose stack     at Process.ChildProcess._handle.onexit (internal/child_process.js:226:5)
19 verbose pkgid @
20 verbose cwd /Users/mxm/Desktop/Documents/Hackages/website
21 error Darwin 15.6.0
22 error argv "/usr/local/bin/node" "/usr/local/bin/npm" "run" "deploy"
23 error node v6.8.1
24 error npm  v3.10.8
25 error code ELIFECYCLE
26 error @ deploy: `surge -p dist/ `
26 error Exit status 1
27 error Failed at the @ deploy script 'surge -p dist/ '.
27 error Make sure you have the latest version of node.js and npm installed.
27 error If you do, this is most likely a problem with the  package,
27 error not with npm itself.
27 error Tell the author that this fails on your system:
27 error     surge -p dist/
27 error You can get information on how to open an issue for this project with:
27 error     npm bugs
27 error Or if that isn't available, you can get their info via:
27 error     npm owner ls
27 error There is likely additional logging output above.
28 verbose exit [ 1, true ]
